[debug] [2021-10-04T14:22:42.552Z] ----------------------------------------------------------------------
[debug] [2021-10-04T14:22:42.556Z] Command:       C:\Program Files\nodejs\node.exe C:\Users\paula\AppData\Roaming\npm\node_modules\firebase-tools\lib\bin\firebase.js init
[debug] [2021-10-04T14:22:42.556Z] CLI Version:   9.19.0
[debug] [2021-10-04T14:22:42.556Z] Platform:      win32
[debug] [2021-10-04T14:22:42.556Z] Node Version:  v16.9.1
[debug] [2021-10-04T14:22:42.558Z] Time:          Mon Oct 04 2021 11:22:42 GMT-0300 (Chile Summer Time)
[debug] [2021-10-04T14:22:42.558Z] ----------------------------------------------------------------------
[debug] 
[debug] [2021-10-04T14:22:42.647Z] > command requires scopes: ["email","openid","https://www.googleapis.com/auth/cloudplatformprojects.readonly","https://www.googleapis.com/auth/firebase","https://www.googleapis.com/auth/cloud-platform"]
[debug] [2021-10-04T14:22:42.647Z] > authorizing via signed-in user (paularamirezsot@gmail.com)
[info] 
     ######## #### ########  ######## ########     ###     ######  ########
     ##        ##  ##     ## ##       ##     ##  ##   ##  ##       ##
     ######    ##  ########  ######   ########  #########  ######  ######
     ##        ##  ##    ##  ##       ##     ## ##     ##       ## ##
     ##       #### ##     ## ######## ########  ##     ##  ######  ########

You're about to initialize a Firebase project in this directory:

  C:\Users\paula\SCL017-Burger-Queen

Before we get started, keep in mind:

  * You are initializing within an existing Firebase project directory

